#! /usr/bin/vvp
:ivl_version "11.0 (stable)";
:ivl_delay_selection "TYPICAL";
:vpi_time_precision + 0;
:vpi_module "/usr/lib/x86_64-linux-gnu/ivl/system.vpi";
:vpi_module "/usr/lib/x86_64-linux-gnu/ivl/vhdl_sys.vpi";
:vpi_module "/usr/lib/x86_64-linux-gnu/ivl/vhdl_textio.vpi";
:vpi_module "/usr/lib/x86_64-linux-gnu/ivl/v2005_math.vpi";
:vpi_module "/usr/lib/x86_64-linux-gnu/ivl/va_math.vpi";
S_0x5d5e7ada4e70 .scope module, "hamming_code_4bit_tb" "hamming_code_4bit_tb" 2 50;
 .timescale 0 0;
v0x5d5e7add0df0_0 .net "corrected_data", 3 0, L_0x5d5e7add40d0;  1 drivers
v0x5d5e7add0ed0_0 .var "data_in", 3 0;
v0x5d5e7add0f70_0 .net "encoded_data", 6 0, L_0x5d5e7add2170;  1 drivers
v0x5d5e7add1010_0 .var "encoded_data_with_error", 6 0;
v0x5d5e7add10b0_0 .net "error_detected", 0 0, L_0x5d5e7add3c50;  1 drivers
v0x5d5e7add1150_0 .var "received_data", 6 0;
S_0x5d5e7ada5000 .scope module, "hamming_code_inst" "hamming_code_4bit" 2 61, 2 1 0, S_0x5d5e7ada4e70;
 .timescale 0 0;
    .port_info 0 /INPUT 4 "data_in";
    .port_info 1 /OUTPUT 7 "encoded_data";
    .port_info 2 /INPUT 7 "received_data";
    .port_info 3 /OUTPUT 4 "corrected_data";
    .port_info 4 /OUTPUT 1 "error_detected";
L_0x5d5e7adab300 .functor XOR 1, L_0x5d5e7add11f0, L_0x5d5e7add12e0, C4<0>, C4<0>;
L_0x5d5e7add14c0 .functor XOR 1, L_0x5d5e7adab300, L_0x5d5e7add1420, C4<0>, C4<0>;
L_0x5d5e7add16f0 .functor XOR 1, L_0x5d5e7add1580, L_0x5d5e7add1650, C4<0>, C4<0>;
L_0x5d5e7add1910 .functor XOR 1, L_0x5d5e7add16f0, L_0x5d5e7add1830, C4<0>, C4<0>;
L_0x5d5e7add1c80 .functor XOR 1, L_0x5d5e7add1af0, L_0x5d5e7add1be0, C4<0>, C4<0>;
L_0x5d5e7add1ec0 .functor XOR 1, L_0x5d5e7add1c80, L_0x5d5e7add1dc0, C4<0>, C4<0>;
L_0x5d5e7add2100 .functor XOR 1, L_0x5d5e7add2600, L_0x5d5e7add26f0, C4<0>, C4<0>;
L_0x5d5e7add2960 .functor XOR 1, L_0x5d5e7add2100, L_0x5d5e7add28c0, C4<0>, C4<0>;
L_0x5d5e7add2bb0 .functor XOR 1, L_0x5d5e7add2960, L_0x5d5e7add2a70, C4<0>, C4<0>;
L_0x5d5e7add2eb0 .functor XOR 1, L_0x5d5e7add2cc0, L_0x5d5e7add2d60, C4<0>, C4<0>;
L_0x5d5e7add3020 .functor XOR 1, L_0x5d5e7add2eb0, L_0x5d5e7add2b10, C4<0>, C4<0>;
L_0x5d5e7add3240 .functor XOR 1, L_0x5d5e7add3020, L_0x5d5e7add30e0, C4<0>, C4<0>;
L_0x5d5e7add35d0 .functor XOR 1, L_0x5d5e7add33c0, L_0x5d5e7add3460, C4<0>, C4<0>;
L_0x5d5e7add3780 .functor XOR 1, L_0x5d5e7add35d0, L_0x5d5e7add36e0, C4<0>, C4<0>;
L_0x5d5e7add3350 .functor XOR 1, L_0x5d5e7add3780, L_0x5d5e7add3890, C4<0>, C4<0>;
L_0x5d5e7add3ab0 .functor OR 1, L_0x5d5e7add2bb0, L_0x5d5e7add3240, C4<0>, C4<0>;
L_0x5d5e7add3c50 .functor OR 1, L_0x5d5e7add3ab0, L_0x5d5e7add3350, C4<0>, C4<0>;
v0x5d5e7ad96a40_0 .net *"_ivl_10", 0 0, L_0x5d5e7add14c0;  1 drivers
v0x5d5e7ad96360_0 .net *"_ivl_102", 0 0, L_0x5d5e7add3db0;  1 drivers
v0x5d5e7adce2c0_0 .net *"_ivl_106", 0 0, L_0x5d5e7add3e50;  1 drivers
v0x5d5e7adce380_0 .net *"_ivl_110", 0 0, L_0x5d5e7add4030;  1 drivers
v0x5d5e7adce460_0 .net *"_ivl_115", 0 0, L_0x5d5e7add43b0;  1 drivers
v0x5d5e7adce590_0 .net *"_ivl_15", 0 0, L_0x5d5e7add1580;  1 drivers
v0x5d5e7adce670_0 .net *"_ivl_17", 0 0, L_0x5d5e7add1650;  1 drivers
v0x5d5e7adce750_0 .net *"_ivl_18", 0 0, L_0x5d5e7add16f0;  1 drivers
v0x5d5e7adce830_0 .net *"_ivl_21", 0 0, L_0x5d5e7add1830;  1 drivers
v0x5d5e7adce910_0 .net *"_ivl_22", 0 0, L_0x5d5e7add1910;  1 drivers
v0x5d5e7adce9f0_0 .net *"_ivl_27", 0 0, L_0x5d5e7add1a50;  1 drivers
v0x5d5e7adcead0_0 .net *"_ivl_3", 0 0, L_0x5d5e7add11f0;  1 drivers
v0x5d5e7adcebb0_0 .net *"_ivl_31", 0 0, L_0x5d5e7add1af0;  1 drivers
v0x5d5e7adcec90_0 .net *"_ivl_33", 0 0, L_0x5d5e7add1be0;  1 drivers
v0x5d5e7adced70_0 .net *"_ivl_34", 0 0, L_0x5d5e7add1c80;  1 drivers
v0x5d5e7adcee50_0 .net *"_ivl_37", 0 0, L_0x5d5e7add1dc0;  1 drivers
v0x5d5e7adcef30_0 .net *"_ivl_38", 0 0, L_0x5d5e7add1ec0;  1 drivers
v0x5d5e7adcf010_0 .net *"_ivl_43", 0 0, L_0x5d5e7add1fc0;  1 drivers
v0x5d5e7adcf0f0_0 .net *"_ivl_47", 0 0, L_0x5d5e7add2060;  1 drivers
v0x5d5e7adcf1d0_0 .net *"_ivl_5", 0 0, L_0x5d5e7add12e0;  1 drivers
v0x5d5e7adcf2b0_0 .net *"_ivl_52", 0 0, L_0x5d5e7add2490;  1 drivers
v0x5d5e7adcf390_0 .net *"_ivl_54", 0 0, L_0x5d5e7add2600;  1 drivers
v0x5d5e7adcf470_0 .net *"_ivl_56", 0 0, L_0x5d5e7add26f0;  1 drivers
v0x5d5e7adcf550_0 .net *"_ivl_57", 0 0, L_0x5d5e7add2100;  1 drivers
v0x5d5e7adcf630_0 .net *"_ivl_6", 0 0, L_0x5d5e7adab300;  1 drivers
v0x5d5e7adcf710_0 .net *"_ivl_60", 0 0, L_0x5d5e7add28c0;  1 drivers
v0x5d5e7adcf7f0_0 .net *"_ivl_61", 0 0, L_0x5d5e7add2960;  1 drivers
v0x5d5e7adcf8d0_0 .net *"_ivl_64", 0 0, L_0x5d5e7add2a70;  1 drivers
v0x5d5e7adcf9b0_0 .net *"_ivl_68", 0 0, L_0x5d5e7add2cc0;  1 drivers
v0x5d5e7adcfa90_0 .net *"_ivl_70", 0 0, L_0x5d5e7add2d60;  1 drivers
v0x5d5e7adcfb70_0 .net *"_ivl_71", 0 0, L_0x5d5e7add2eb0;  1 drivers
v0x5d5e7adcfc50_0 .net *"_ivl_74", 0 0, L_0x5d5e7add2b10;  1 drivers
v0x5d5e7adcfd30_0 .net *"_ivl_75", 0 0, L_0x5d5e7add3020;  1 drivers
v0x5d5e7adcfe10_0 .net *"_ivl_78", 0 0, L_0x5d5e7add30e0;  1 drivers
v0x5d5e7adcfef0_0 .net *"_ivl_82", 0 0, L_0x5d5e7add33c0;  1 drivers
v0x5d5e7adcffd0_0 .net *"_ivl_84", 0 0, L_0x5d5e7add3460;  1 drivers
v0x5d5e7add00b0_0 .net *"_ivl_85", 0 0, L_0x5d5e7add35d0;  1 drivers
v0x5d5e7add0190_0 .net *"_ivl_88", 0 0, L_0x5d5e7add36e0;  1 drivers
v0x5d5e7add0270_0 .net *"_ivl_89", 0 0, L_0x5d5e7add3780;  1 drivers
v0x5d5e7add0350_0 .net *"_ivl_9", 0 0, L_0x5d5e7add1420;  1 drivers
v0x5d5e7add0430_0 .net *"_ivl_92", 0 0, L_0x5d5e7add3890;  1 drivers
v0x5d5e7add0510_0 .net *"_ivl_95", 0 0, L_0x5d5e7add3ab0;  1 drivers
v0x5d5e7add05f0_0 .net "corrected_data", 3 0, L_0x5d5e7add40d0;  alias, 1 drivers
v0x5d5e7add06d0_0 .var "corrected_received_data", 6 0;
v0x5d5e7add07b0_0 .net "data_in", 3 0, v0x5d5e7add0ed0_0;  1 drivers
v0x5d5e7add0890_0 .net "encoded_data", 6 0, L_0x5d5e7add2170;  alias, 1 drivers
v0x5d5e7add0970_0 .net "error_detected", 0 0, L_0x5d5e7add3c50;  alias, 1 drivers
v0x5d5e7add0a30_0 .net "received_data", 6 0, v0x5d5e7add1150_0;  1 drivers
v0x5d5e7add0b10_0 .net "s1", 0 0, L_0x5d5e7add2bb0;  1 drivers
v0x5d5e7add0bd0_0 .net "s2", 0 0, L_0x5d5e7add3240;  1 drivers
v0x5d5e7add0c90_0 .net "s4", 0 0, L_0x5d5e7add3350;  1 drivers
E_0x5d5e7ada0780 .event edge, v0x5d5e7add0a30_0, v0x5d5e7add0c90_0, v0x5d5e7add0bd0_0, v0x5d5e7add0b10_0;
L_0x5d5e7add11f0 .part v0x5d5e7add0ed0_0, 0, 1;
L_0x5d5e7add12e0 .part v0x5d5e7add0ed0_0, 1, 1;
L_0x5d5e7add1420 .part v0x5d5e7add0ed0_0, 3, 1;
L_0x5d5e7add1580 .part v0x5d5e7add0ed0_0, 0, 1;
L_0x5d5e7add1650 .part v0x5d5e7add0ed0_0, 2, 1;
L_0x5d5e7add1830 .part v0x5d5e7add0ed0_0, 3, 1;
L_0x5d5e7add1a50 .part v0x5d5e7add0ed0_0, 0, 1;
L_0x5d5e7add1af0 .part v0x5d5e7add0ed0_0, 1, 1;
L_0x5d5e7add1be0 .part v0x5d5e7add0ed0_0, 2, 1;
L_0x5d5e7add1dc0 .part v0x5d5e7add0ed0_0, 3, 1;
L_0x5d5e7add1fc0 .part v0x5d5e7add0ed0_0, 1, 1;
L_0x5d5e7add2060 .part v0x5d5e7add0ed0_0, 2, 1;
LS_0x5d5e7add2170_0_0 .concat8 [ 1 1 1 1], L_0x5d5e7add14c0, L_0x5d5e7add1910, L_0x5d5e7add1a50, L_0x5d5e7add1ec0;
LS_0x5d5e7add2170_0_4 .concat8 [ 1 1 1 0], L_0x5d5e7add1fc0, L_0x5d5e7add2060, L_0x5d5e7add2490;
L_0x5d5e7add2170 .concat8 [ 4 3 0 0], LS_0x5d5e7add2170_0_0, LS_0x5d5e7add2170_0_4;
L_0x5d5e7add2490 .part v0x5d5e7add0ed0_0, 3, 1;
L_0x5d5e7add2600 .part v0x5d5e7add1150_0, 0, 1;
L_0x5d5e7add26f0 .part v0x5d5e7add1150_0, 2, 1;
L_0x5d5e7add28c0 .part v0x5d5e7add1150_0, 4, 1;
L_0x5d5e7add2a70 .part v0x5d5e7add1150_0, 6, 1;
L_0x5d5e7add2cc0 .part v0x5d5e7add1150_0, 1, 1;
L_0x5d5e7add2d60 .part v0x5d5e7add1150_0, 2, 1;
L_0x5d5e7add2b10 .part v0x5d5e7add1150_0, 5, 1;
L_0x5d5e7add30e0 .part v0x5d5e7add1150_0, 6, 1;
L_0x5d5e7add33c0 .part v0x5d5e7add1150_0, 3, 1;
L_0x5d5e7add3460 .part v0x5d5e7add1150_0, 4, 1;
L_0x5d5e7add36e0 .part v0x5d5e7add1150_0, 5, 1;
L_0x5d5e7add3890 .part v0x5d5e7add1150_0, 6, 1;
L_0x5d5e7add3db0 .part v0x5d5e7add06d0_0, 2, 1;
L_0x5d5e7add3e50 .part v0x5d5e7add06d0_0, 4, 1;
L_0x5d5e7add4030 .part v0x5d5e7add06d0_0, 5, 1;
L_0x5d5e7add40d0 .concat8 [ 1 1 1 1], L_0x5d5e7add3db0, L_0x5d5e7add3e50, L_0x5d5e7add4030, L_0x5d5e7add43b0;
L_0x5d5e7add43b0 .part v0x5d5e7add06d0_0, 6, 1;
    .scope S_0x5d5e7ada5000;
T_0 ;
    %wait E_0x5d5e7ada0780;
    %load/vec4 v0x5d5e7add0a30_0;
    %store/vec4 v0x5d5e7add06d0_0, 0, 7;
    %load/vec4 v0x5d5e7add0c90_0;
    %load/vec4 v0x5d5e7add0bd0_0;
    %concat/vec4; draw_concat_vec4
    %load/vec4 v0x5d5e7add0b10_0;
    %concat/vec4; draw_concat_vec4
    %dup/vec4;
    %pushi/vec4 1, 0, 3;
    %cmp/u;
    %jmp/1 T_0.0, 6;
    %dup/vec4;
    %pushi/vec4 2, 0, 3;
    %cmp/u;
    %jmp/1 T_0.1, 6;
    %dup/vec4;
    %pushi/vec4 3, 0, 3;
    %cmp/u;
    %jmp/1 T_0.2, 6;
    %dup/vec4;
    %pushi/vec4 4, 0, 3;
    %cmp/u;
    %jmp/1 T_0.3, 6;
    %dup/vec4;
    %pushi/vec4 5, 0, 3;
    %cmp/u;
    %jmp/1 T_0.4, 6;
    %dup/vec4;
    %pushi/vec4 6, 0, 3;
    %cmp/u;
    %jmp/1 T_0.5, 6;
    %dup/vec4;
    %pushi/vec4 7, 0, 3;
    %cmp/u;
    %jmp/1 T_0.6, 6;
    %jmp T_0.8;
T_0.0 ;
    %load/vec4 v0x5d5e7add0a30_0;
    %parti/s 1, 0, 2;
    %inv;
    %ix/load 4, 0, 0;
    %flag_set/imm 4, 0;
    %store/vec4 v0x5d5e7add06d0_0, 4, 1;
    %jmp T_0.8;
T_0.1 ;
    %load/vec4 v0x5d5e7add0a30_0;
    %parti/s 1, 1, 2;
    %inv;
    %ix/load 4, 1, 0;
    %flag_set/imm 4, 0;
    %store/vec4 v0x5d5e7add06d0_0, 4, 1;
    %jmp T_0.8;
T_0.2 ;
    %load/vec4 v0x5d5e7add0a30_0;
    %parti/s 1, 2, 3;
    %inv;
    %ix/load 4, 2, 0;
    %flag_set/imm 4, 0;
    %store/vec4 v0x5d5e7add06d0_0, 4, 1;
    %jmp T_0.8;
T_0.3 ;
    %load/vec4 v0x5d5e7add0a30_0;
    %parti/s 1, 3, 3;
    %inv;
    %ix/load 4, 3, 0;
    %flag_set/imm 4, 0;
    %store/vec4 v0x5d5e7add06d0_0, 4, 1;
    %jmp T_0.8;
T_0.4 ;
    %load/vec4 v0x5d5e7add0a30_0;
    %parti/s 1, 4, 4;
    %inv;
    %ix/load 4, 4, 0;
    %flag_set/imm 4, 0;
    %store/vec4 v0x5d5e7add06d0_0, 4, 1;
    %jmp T_0.8;
T_0.5 ;
    %load/vec4 v0x5d5e7add0a30_0;
    %parti/s 1, 5, 4;
    %inv;
    %ix/load 4, 5, 0;
    %flag_set/imm 4, 0;
    %store/vec4 v0x5d5e7add06d0_0, 4, 1;
    %jmp T_0.8;
T_0.6 ;
    %load/vec4 v0x5d5e7add0a30_0;
    %parti/s 1, 6, 4;
    %inv;
    %ix/load 4, 6, 0;
    %flag_set/imm 4, 0;
    %store/vec4 v0x5d5e7add06d0_0, 4, 1;
    %jmp T_0.8;
T_0.8 ;
    %pop/vec4 1;
    %jmp T_0;
    .thread T_0, $push;
    .scope S_0x5d5e7ada4e70;
T_1 ;
    %pushi/vec4 11, 0, 4;
    %store/vec4 v0x5d5e7add0ed0_0, 0, 4;
    %delay 10, 0;
    %load/vec4 v0x5d5e7add0f70_0;
    %store/vec4 v0x5d5e7add1150_0, 0, 7;
    %vpi_call 2 77 "$display", "Test Case 1: No errors" {0 0 0};
    %vpi_call 2 78 "$display", "Input Data: %b", v0x5d5e7add0ed0_0 {0 0 0};
    %vpi_call 2 79 "$display", "Encoded Data: %b", v0x5d5e7add0f70_0 {0 0 0};
    %vpi_call 2 80 "$display", "Corrected Data: %b", v0x5d5e7add0df0_0 {0 0 0};
    %vpi_call 2 81 "$display", "Error Detected: %b", v0x5d5e7add10b0_0 {0 0 0};
    %pushi/vec4 11, 0, 4;
    %store/vec4 v0x5d5e7add0ed0_0, 0, 4;
    %delay 10, 0;
    %load/vec4 v0x5d5e7add0f70_0;
    %store/vec4 v0x5d5e7add1010_0, 0, 7;
    %load/vec4 v0x5d5e7add1010_0;
    %parti/s 1, 0, 2;
    %inv;
    %ix/load 4, 0, 0;
    %flag_set/imm 4, 0;
    %store/vec4 v0x5d5e7add1010_0, 4, 1;
    %load/vec4 v0x5d5e7add1010_0;
    %store/vec4 v0x5d5e7add1150_0, 0, 7;
    %delay 10, 0;
    %vpi_call 2 90 "$display", "Test Case 2: Single-bit error (bit 0 flipped)" {0 0 0};
    %vpi_call 2 91 "$display", "Input Data: %b", v0x5d5e7add0ed0_0 {0 0 0};
    %vpi_call 2 92 "$display", "Encoded Data (with error): %b", v0x5d5e7add1010_0 {0 0 0};
    %vpi_call 2 93 "$display", "Corrected Data: %b", v0x5d5e7add0df0_0 {0 0 0};
    %vpi_call 2 94 "$display", "Error Detected: %b", v0x5d5e7add10b0_0 {0 0 0};
    %pushi/vec4 11, 0, 4;
    %store/vec4 v0x5d5e7add0ed0_0, 0, 4;
    %delay 10, 0;
    %load/vec4 v0x5d5e7add0f70_0;
    %store/vec4 v0x5d5e7add1010_0, 0, 7;
    %load/vec4 v0x5d5e7add1010_0;
    %parti/s 1, 3, 3;
    %inv;
    %ix/load 4, 3, 0;
    %flag_set/imm 4, 0;
    %store/vec4 v0x5d5e7add1010_0, 4, 1;
    %load/vec4 v0x5d5e7add1010_0;
    %store/vec4 v0x5d5e7add1150_0, 0, 7;
    %delay 10, 0;
    %vpi_call 2 103 "$display", "Test Case 3: Single-bit error (bit 3 flipped)" {0 0 0};
    %vpi_call 2 104 "$display", "Input Data: %b", v0x5d5e7add0ed0_0 {0 0 0};
    %vpi_call 2 105 "$display", "Encoded Data (with error): %b", v0x5d5e7add1010_0 {0 0 0};
    %vpi_call 2 106 "$display", "Corrected Data: %b", v0x5d5e7add0df0_0 {0 0 0};
    %vpi_call 2 107 "$display", "Error Detected: %b", v0x5d5e7add10b0_0 {0 0 0};
    %vpi_call 2 111 "$finish" {0 0 0};
    %end;
    .thread T_1;
# The file index is used to find the file name in the following table.
:file_names 3;
    "N/A";
    "<interactive>";
    "hamming_code.v";
